0 info it worked if it ends with ok
1 verbose cli [ 'node', '/usr/local/bin/npm', 'publish' ]
2 info using npm@2.3.0
3 info using node@v1.0.4
4 verbose node symlink /usr/local/bin/node
5 verbose publish [ '.' ]
6 silly cache add args [ '.', null ]
7 verbose cache add spec .
8 silly cache add parsed spec { raw: '.',
8 silly cache add   scope: null,
8 silly cache add   name: null,
8 silly cache add   rawSpec: '.',
8 silly cache add   spec: '/Users/danielearwicker/github/kor-react',
8 silly cache add   type: 'directory' }
9 verbose addLocalDirectory /Users/danielearwicker/.npm/kor-react/0.1.4/package.tgz not in flight; packing
10 verbose tar pack [ '/Users/danielearwicker/.npm/kor-react/0.1.4/package.tgz',
10 verbose tar pack   '/Users/danielearwicker/github/kor-react' ]
11 verbose tarball /Users/danielearwicker/.npm/kor-react/0.1.4/package.tgz
12 verbose folder /Users/danielearwicker/github/kor-react
13 info prepublish kor-react@0.1.4
14 verbose unsafe-perm in lifecycle true
15 verbose addLocalTarball adding from inside cache /Users/danielearwicker/.npm/kor-react/0.1.4/package.tgz
16 silly cache afterAdd kor-react@0.1.4
17 verbose afterAdd /Users/danielearwicker/.npm/kor-react/0.1.4/package/package.json not in flight; writing
18 verbose afterAdd /Users/danielearwicker/.npm/kor-react/0.1.4/package/package.json written
19 silly publish { name: 'kor-react',
19 silly publish   version: '0.1.4',
19 silly publish   description: 'Utilities for consuming kor observables in React components',
19 silly publish   main: 'built/index.js',
19 silly publish   scripts: { prepublish: 'tsc --module commonjs --outDir built index.ts typings/react/react.d.ts typings/kor/kor.d.ts' },
19 silly publish   repository:
19 silly publish    { type: 'git',
19 silly publish      url: 'https://github.com/danielearwicker/kor-react.git' },
19 silly publish   keywords: [ 'react', 'kor' ],
19 silly publish   author: { name: 'Daniel Earwicker', email: 'dan@earwicker.com' },
19 silly publish   license: 'MIT',
19 silly publish   bugs: { url: 'https://github.com/danielearwicker/kor-react/issues' },
19 silly publish   homepage: 'https://github.com/danielearwicker/kor-react',
19 silly publish   dependencies: { kor: '^0.1.2', react: '^0.13.0' },
19 silly publish   readme: '# kor-react\nUtilities for consuming kor observables in React components\n',
19 silly publish   readmeFilename: 'README.md',
19 silly publish   gitHead: '1569b5dd778e83017b057fd1d9a919dc2a49e856',
19 silly publish   _id: 'kor-react@0.1.4',
19 silly publish   _shasum: '254667b02c15c3af2de8c9837fcd1acd035f4824',
19 silly publish   _from: '.' }
20 silly mapToRegistry name kor-react
21 silly mapToRegistry using default registry
22 silly mapToRegistry registry https://registry.npmjs.org/
23 silly mapToRegistry uri https://registry.npmjs.org/kor-react
24 verbose publish registryBase https://registry.npmjs.org/
25 silly publish uploading /Users/danielearwicker/.npm/kor-react/0.1.4/package.tgz
26 verbose request uri https://registry.npmjs.org/kor-react
27 verbose request sending authorization for write operation
28 info attempt registry request try #1 at 22:28:45
29 verbose request id b7568913de5604ec
30 http request PUT https://registry.npmjs.org/kor-react
31 http 409 https://registry.npmjs.org/kor-react
32 verbose headers { date: 'Fri, 03 Apr 2015 21:28:46 GMT',
32 verbose headers   server: 'Apache',
32 verbose headers   'content-type': 'application/json',
32 verbose headers   'cache-control': 'max-age=60',
32 verbose headers   'content-length': '17',
32 verbose headers   'accept-ranges': 'bytes',
32 verbose headers   via: '1.1 varnish',
32 verbose headers   'x-served-by': 'cache-lcy1129-LCY',
32 verbose headers   'x-cache': 'MISS',
32 verbose headers   'x-cache-hits': '0',
32 verbose headers   'x-timer': 'S1428096525.330816,VS0,VE823',
32 verbose headers   'keep-alive': 'timeout=10, max=50',
32 verbose headers   connection: 'Keep-Alive' }
33 verbose request invalidating /Users/danielearwicker/.npm/registry.npmjs.org/kor-react on PUT
34 verbose request uri https://registry.npmjs.org/kor-react?write=true
35 verbose request no auth needed
36 info attempt registry request try #1 at 22:28:46
37 http request GET https://registry.npmjs.org/kor-react?write=true
38 http 200 https://registry.npmjs.org/kor-react?write=true
39 verbose stack Error: cannot modify pre-existing version
39 verbose stack     at conflictError (/usr/local/lib/node_modules/npm/node_modules/npm-registry-client/lib/publish.js:176:11)
39 verbose stack     at CachingRegistryClient.putNext (/usr/local/lib/node_modules/npm/node_modules/npm-registry-client/lib/publish.js:139:15)
39 verbose stack     at /usr/local/lib/node_modules/npm/node_modules/npm-registry-client/lib/publish.js:121:15
39 verbose stack     at /usr/local/lib/node_modules/npm/lib/cache/caching-client.js:51:8
39 verbose stack     at f (/usr/local/lib/node_modules/npm/node_modules/once/once.js:17:25)
39 verbose stack     at /usr/local/lib/node_modules/npm/node_modules/npm-registry-client/lib/request.js:73:16
39 verbose stack     at f (/usr/local/lib/node_modules/npm/node_modules/once/once.js:17:25)
39 verbose stack     at CachingRegistryClient.<anonymous> (/usr/local/lib/node_modules/npm/node_modules/npm-registry-client/lib/request.js:262:12)
39 verbose stack     at Request._callback (/usr/local/lib/node_modules/npm/node_modules/npm-registry-client/lib/request.js:178:14)
39 verbose stack     at Request.self.callback (/usr/local/lib/node_modules/npm/node_modules/request/request.js:373:22)
40 verbose pkgid kor-react
41 verbose cwd /Users/danielearwicker/github/kor-react
42 error Darwin 14.1.0
43 error argv "node" "/usr/local/bin/npm" "publish"
44 error node v1.0.4
45 error npm  v2.3.0
46 error code EPUBLISHCONFLICT
47 error publish fail Cannot publish over existing version.
47 error publish fail Update the 'version' field in package.json and try again.
47 error publish fail
47 error publish fail To automatically increment version numbers, see:
47 error publish fail     npm help version
48 verbose exit [ 1, true ]
